2026-02-13 17:28:36.121 +01:00 [DBG] Registered model binder providers, in the following order: ["Microsoft.AspNetCore.Mvc.ModelBinding.Binders.BinderTypeModelBinderProvider","Microsoft.AspNetCore.Mvc.ModelBinding.Binders.ServicesModelBinderProvider","Microsoft.AspNetCore.Mvc.ModelBinding.Binders.BodyModelBinderProvider","Microsoft.AspNetCore.Mvc.ModelBinding.Binders.HeaderModelBinderProvider","Microsoft.AspNetCore.Mvc.ModelBinding.Binders.FloatingPointTypeModelBinderProvider","Microsoft.AspNetCore.Mvc.ModelBinding.Binders.EnumTypeModelBinderProvider","Microsoft.AspNetCore.Mvc.ModelBinding.Binders.DateTimeModelBinderProvider","Microsoft.AspNetCore.Mvc.ModelBinding.Binders.SimpleTypeModelBinderProvider","Microsoft.AspNetCore.Mvc.ModelBinding.Binders.TryParseModelBinderProvider","Microsoft.AspNetCore.Mvc.ModelBinding.Binders.CancellationTokenModelBinderProvider","Microsoft.AspNetCore.Mvc.ModelBinding.Binders.ByteArrayModelBinderProvider","Microsoft.AspNetCore.Mvc.ModelBinding.Binders.FormFileModelBinderProvider","Microsoft.AspNetCore.Mvc.ModelBinding.Binders.FormCollectionModelBinderProvider","Microsoft.AspNetCore.Mvc.ModelBinding.Binders.KeyValuePairModelBinderProvider","Microsoft.AspNetCore.Mvc.ModelBinding.Binders.DictionaryModelBinderProvider","Microsoft.AspNetCore.Mvc.ModelBinding.Binders.ArrayModelBinderProvider","Microsoft.AspNetCore.Mvc.ModelBinding.Binders.CollectionModelBinderProvider","Microsoft.AspNetCore.Mvc.ModelBinding.Binders.ComplexObjectModelBinderProvider"]
2026-02-13 17:28:36.157 +01:00 [DBG] Hosting starting
2026-02-13 17:28:36.163 +01:00 [INF] User profile is available. Using '/Users/rickvandereijk/.aspnet/DataProtection-Keys' as key repository; keys will not be encrypted at rest.
2026-02-13 17:28:36.168 +01:00 [DBG] Reading data from file '/Users/rickvandereijk/.aspnet/DataProtection-Keys/key-57897445-7037-4317-85fa-0e524e40146c.xml'.
2026-02-13 17:28:36.171 +01:00 [DBG] Found key {57897445-7037-4317-85fa-0e524e40146c}.
2026-02-13 17:28:36.176 +01:00 [DBG] Considering key {57897445-7037-4317-85fa-0e524e40146c} with expiration date 2026-01-14 15:59:42Z as default key.
2026-02-13 17:28:36.176 +01:00 [DBG] Key {57897445-7037-4317-85fa-0e524e40146c} is no longer under consideration as default key because it is expired, revoked, or cannot be deciphered.
2026-02-13 17:28:36.177 +01:00 [DBG] Repository contains no viable default key. Caller should generate a key with immediate activation.
2026-02-13 17:28:36.178 +01:00 [DBG] Policy resolution states that a new key should be added to the key ring.
2026-02-13 17:28:36.179 +01:00 [INF] Creating key {06805629-59c8-47ee-a980-07690b15aa1d} with creation date 2026-02-13 16:28:36Z, activation date 2026-02-13 16:28:36Z, and expiration date 2026-05-14 16:28:36Z.
2026-02-13 17:28:36.182 +01:00 [DBG] Descriptor deserializer type for key {06805629-59c8-47ee-a980-07690b15aa1d} is 'Microsoft.AspNetCore.DataProtection.AuthenticatedEncryption.ConfigurationModel.AuthenticatedEncryptorDescriptorDeserializer, Microsoft.AspNetCore.DataProtection, Version=9.0.0.0, Culture=neutral, PublicKeyToken=adb9793829ddae60'.
2026-02-13 17:28:36.182 +01:00 [DBG] No key escrow sink found. Not writing key {06805629-59c8-47ee-a980-07690b15aa1d} to escrow.
2026-02-13 17:28:36.182 +01:00 [WRN] No XML encryptor configured. Key {06805629-59c8-47ee-a980-07690b15aa1d} may be persisted to storage in unencrypted form.
2026-02-13 17:28:36.183 +01:00 [INF] Writing data to file '/Users/rickvandereijk/.aspnet/DataProtection-Keys/key-06805629-59c8-47ee-a980-07690b15aa1d.xml'.
2026-02-13 17:28:36.183 +01:00 [DBG] Key cache expiration token triggered by 'CreateNewKey' operation.
2026-02-13 17:28:36.183 +01:00 [DBG] Reading data from file '/Users/rickvandereijk/.aspnet/DataProtection-Keys/key-57897445-7037-4317-85fa-0e524e40146c.xml'.
2026-02-13 17:28:36.183 +01:00 [DBG] Reading data from file '/Users/rickvandereijk/.aspnet/DataProtection-Keys/key-06805629-59c8-47ee-a980-07690b15aa1d.xml'.
2026-02-13 17:28:36.184 +01:00 [DBG] Found key {57897445-7037-4317-85fa-0e524e40146c}.
2026-02-13 17:28:36.184 +01:00 [DBG] Found key {06805629-59c8-47ee-a980-07690b15aa1d}.
2026-02-13 17:28:36.184 +01:00 [DBG] Considering key {06805629-59c8-47ee-a980-07690b15aa1d} with expiration date 2026-05-14 16:28:36Z as default key.
2026-02-13 17:28:36.184 +01:00 [DBG] Using managed symmetric algorithm 'System.Security.Cryptography.Aes'.
2026-02-13 17:28:36.184 +01:00 [DBG] Using managed keyed hash algorithm 'System.Security.Cryptography.HMACSHA256'.
2026-02-13 17:28:36.185 +01:00 [DBG] Using key {06805629-59c8-47ee-a980-07690b15aa1d} as the default key.
2026-02-13 17:28:36.186 +01:00 [DBG] Key ring with default key {06805629-59c8-47ee-a980-07690b15aa1d} was loaded during application startup.
2026-02-13 17:28:36.194 +01:00 [DBG] Middleware configuration started with options: {AllowedHosts = *, AllowEmptyHosts = True, IncludeFailureMessage = True}
2026-02-13 17:28:36.194 +01:00 [DBG] Wildcard detected, all requests with hosts will be allowed.
2026-02-13 17:28:36.200 +01:00 [INF] Now listening on: http://localhost:5096
2026-02-13 17:28:36.201 +01:00 [DBG] Loaded hosting startup assembly UserManagementAPI
2026-02-13 17:28:36.201 +01:00 [INF] Application started. Press Ctrl+C to shut down.
2026-02-13 17:28:36.201 +01:00 [INF] Hosting environment: Development
2026-02-13 17:28:36.201 +01:00 [INF] Content root path: /Users/rickvandereijk/Documents/BackendDev/UserManagementAPI
2026-02-13 17:28:36.201 +01:00 [DBG] Hosting started
2026-02-13 17:29:56.660 +01:00 [INF] Application is shutting down...
2026-02-13 17:29:56.661 +01:00 [DBG] Hosting stopping
2026-02-13 17:29:56.665 +01:00 [DBG] Hosting stopped
Microsoft.AspNetCore.Mvc.ModelBinding.Binders.ServicesModelBinderProvider","Microsoft.AspNetCore.Mvc.ModelBinding.Binders.BodyModelBinderProvider","Microsoft.AspNetCore.Mvc.ModelBinding.Binders.HeaderModelBinderProvider","Microsoft.AspNetCore.Mvc.ModelBinding.Binders.FloatingPointTypeModelBinderProvider","Microsoft.AspNetCore.Mvc.ModelBinding.Binders.EnumTypeModelBinderProvider","Microsoft.AspNetCore.Mvc.ModelBinding.Binders.DateTimeModelBinderProvider","Microsoft.AspNetCore.Mvc.ModelBinding.Binders.SimpleTypeModelBinderProvider","Microsoft.AspNetCore.Mvc.ModelBinding.Binders.TryParseModelBinderProvider","Microsoft.AspNetCore.Mvc.ModelBinding.Binders.CancellationTokenModelBinderProvider","Microsoft.AspNetCore.Mvc.ModelBinding.Binders.ByteArrayModelBinderProvider","Microsoft.AspNetCore.Mvc.ModelBinding.Binders.FormFileModelBinderProvider","Microsoft.AspNetCore.Mvc.ModelBinding.Binders.FormCollectionModelBinderProvider","Microsoft.AspNetCore.Mvc.ModelBinding.Binders.KeyValuePairModelBinderProvider","Microsoft.AspNetCore.Mvc.ModelBinding.Binders.DictionaryModelBinderProvider","Microsoft.AspNetCore.Mvc.ModelBinding.Binders.ArrayModelBinderProvider","Microsoft.AspNetCore.Mvc.ModelBinding.Binders.CollectionModelBinderProvider","Microsoft.AspNetCore.Mvc.ModelBinding.Binders.ComplexObjectModelBinderProvider"]
2026-02-13 17:29:33.128 +01:00 [DBG] Hosting starting
2026-02-13 17:29:33.133 +01:00 [INF] User profile is available. Using '/Users/rickvandereijk/.aspnet/DataProtection-Keys' as key repository; keys will not be encrypted at rest.
2026-02-13 17:29:33.137 +01:00 [DBG] Reading data from file '/Users/rickvandereijk/.aspnet/DataProtection-Keys/key-57897445-7037-4317-85fa-0e524e40146c.xml'.
2026-02-13 17:29:33.139 +01:00 [DBG] Reading data from file '/Users/rickvandereijk/.aspnet/DataProtection-Keys/key-06805629-59c8-47ee-a980-07690b15aa1d.xml'.
2026-02-13 17:29:33.140 +01:00 [DBG] Found key {57897445-7037-4317-85fa-0e524e40146c}.
2026-02-13 17:29:33.141 +01:00 [DBG] Found key {06805629-59c8-47ee-a980-07690b15aa1d}.
2026-02-13 17:29:33.143 +01:00 [DBG] Considering key {06805629-59c8-47ee-a980-07690b15aa1d} with expiration date 2026-05-14 16:28:36Z as default key.
2026-02-13 17:29:33.144 +01:00 [DBG] Forwarded activator type request from Microsoft.AspNetCore.DataProtection.AuthenticatedEncryption.ConfigurationModel.AuthenticatedEncryptorDescriptorDeserializer, Microsoft.AspNetCore.DataProtection, Version=9.0.0.0, Culture=neutral, PublicKeyToken=adb9793829ddae60 to Microsoft.AspNetCore.DataProtection.AuthenticatedEncryption.ConfigurationModel.AuthenticatedEncryptorDescriptorDeserializer, Microsoft.AspNetCore.DataProtection, Culture=neutral, PublicKeyToken=adb9793829ddae60
2026-02-13 17:29:33.146 +01:00 [DBG] Using managed symmetric algorithm 'System.Security.Cryptography.Aes'.
2026-02-13 17:29:33.146 +01:00 [DBG] Using managed keyed hash algorithm 'System.Security.Cryptography.HMACSHA256'.
2026-02-13 17:29:33.146 +01:00 [DBG] Using key {06805629-59c8-47ee-a980-07690b15aa1d} as the default key.
2026-02-13 17:29:33.147 +01:00 [DBG] Key ring with default key {06805629-59c8-47ee-a980-07690b15aa1d} was loaded during application startup.
2026-02-13 17:29:33.153 +01:00 [DBG] Middleware configuration started with options: {AllowedHosts = *, AllowEmptyHosts = True, IncludeFailureMessage = True}
2026-02-13 17:29:33.154 +01:00 [DBG] Wildcard detected, all requests with hosts will be allowed.
2026-02-13 17:29:33.161 +01:00 [ERR] Hosting failed to start
System.IO.IOException: Failed to bind to address http://127.0.0.1:5096: address already in use.
 ---> Microsoft.AspNetCore.Connections.AddressInUseException: Address already in use
 ---> System.Net.Sockets.SocketException (48): Address already in use
   at System.Net.Sockets.Socket.DoBind(EndPoint endPointSnapshot, SocketAddress socketAddress)
   at System.Net.Sockets.Socket.Bind(EndPoint localEP)
   at Microsoft.AspNetCore.Server.Kestrel.Transport.Sockets.SocketTransportOptions.CreateDefaultBoundListenSocket(EndPoint endpoint)
   at Microsoft.AspNetCore.Server.Kestrel.Transport.Sockets.SocketConnectionListener.Bind()
   --- End of inner exception stack trace ---
   at Microsoft.AspNetCore.Server.Kestrel.Transport.Sockets.SocketConnectionListener.Bind()
   at Microsoft.AspNetCore.Server.Kestrel.Transport.Sockets.SocketTransportFactory.BindAsync(EndPoint endpoint, CancellationToken cancellationToken)
   at Microsoft.AspNetCore.Server.Kestrel.Core.Internal.Infrastructure.TransportManager.BindAsync(EndPoint endPoint, ConnectionDelegate connectionDelegate, EndpointConfig endpointConfig, CancellationToken cancellationToken)
   at Microsoft.AspNetCore.Server.Kestrel.Core.KestrelServerImpl.<>c__DisplayClass28_0`1.<<StartAsync>g__OnBind|0>d.MoveNext()
--- End of stack trace from previous location ---
   at Microsoft.AspNetCore.Server.Kestrel.Core.Internal.AddressBinder.BindEndpointAsync(ListenOptions endpoint, AddressBindContext context, CancellationToken cancellationToken)
   --- End of inner exception stack trace ---
   at Microsoft.AspNetCore.Server.Kestrel.Core.Internal.AddressBinder.BindEndpointAsync(ListenOptions endpoint, AddressBindContext context, CancellationToken cancellationToken)
   at Microsoft.AspNetCore.Server.Kestrel.Core.LocalhostListenOptions.BindAsync(AddressBindContext context, CancellationToken cancellationToken)
   at Microsoft.AspNetCore.Server.Kestrel.Core.Internal.AddressBinder.AddressesStrategy.BindAsync(AddressBindContext context, CancellationToken cancellationToken)
   at Microsoft.AspNetCore.Server.Kestrel.Core.KestrelServerImpl.BindAsync(CancellationToken cancellationToken)
   at Microsoft.AspNetCore.Server.Kestrel.Core.KestrelServerImpl.StartAsync[TContext](IHttpApplication`1 application, CancellationToken cancellationToken)
   at Microsoft.AspNetCore.Hosting.GenericWebHostService.StartAsync(CancellationToken cancellationToken)
   at Microsoft.Extensions.Hosting.Internal.Host.<StartAsync>b__14_1(IHostedService service, CancellationToken token)
   at Microsoft.Extensions.Hosting.Internal.Host.ForeachService[T](IEnumerable`1 services, CancellationToken token, Boolean concurrent, Boolean abortOnFirstException, List`1 exceptions, Func`3 operation)
2026-02-13 17:29:47.386 +01:00 [DBG] Registered model binder providers, in the following order: ["Microsoft.AspNetCore.Mvc.ModelBinding.Binders.BinderTypeModelBinderProvider","Microsoft.AspNetCore.Mvc.ModelBinding.Binders.ServicesModelBinderProvider","Microsoft.AspNetCore.Mvc.ModelBinding.Binders.BodyModelBinderProvider","Microsoft.AspNetCore.Mvc.ModelBinding.Binders.HeaderModelBinderProvider","Microsoft.AspNetCore.Mvc.ModelBinding.Binders.FloatingPointTypeModelBinderProvider","Microsoft.AspNetCore.Mvc.ModelBinding.Binders.EnumTypeModelBinderProvider","Microsoft.AspNetCore.Mvc.ModelBinding.Binders.DateTimeModelBinderProvider","Microsoft.AspNetCore.Mvc.ModelBinding.Binders.SimpleTypeModelBinderProvider","Microsoft.AspNetCore.Mvc.ModelBinding.Binders.TryParseModelBinderProvider","Microsoft.AspNetCore.Mvc.ModelBinding.Binders.CancellationTokenModelBinderProvider","Microsoft.AspNetCore.Mvc.ModelBinding.Binders.ByteArrayModelBinderProvider","Microsoft.AspNetCore.Mvc.ModelBinding.Binders.FormFileModelBinderProvider","Microsoft.AspNetCore.Mvc.ModelBinding.Binders.FormCollectionModelBinderProvider","Microsoft.AspNetCore.Mvc.ModelBinding.Binders.KeyValuePairModelBinderProvider","Microsoft.AspNetCore.Mvc.ModelBinding.Binders.DictionaryModelBinderProvider","Microsoft.AspNetCore.Mvc.ModelBinding.Binders.ArrayModelBinderProvider","Microsoft.AspNetCore.Mvc.ModelBinding.Binders.CollectionModelBinderProvider","Microsoft.AspNetCore.Mvc.ModelBinding.Binders.ComplexObjectModelBinderProvider"]
2026-02-13 17:29:47.416 +01:00 [DBG] Hosting starting
2026-02-13 17:29:47.421 +01:00 [INF] User profile is available. Using '/Users/rickvandereijk/.aspnet/DataProtection-Keys' as key repository; keys will not be encrypted at rest.
2026-02-13 17:29:47.425 +01:00 [DBG] Reading data from file '/Users/rickvandereijk/.aspnet/DataProtection-Keys/key-57897445-7037-4317-85fa-0e524e40146c.xml'.
2026-02-13 17:29:47.426 +01:00 [DBG] Reading data from file '/Users/rickvandereijk/.aspnet/DataProtection-Keys/key-06805629-59c8-47ee-a980-07690b15aa1d.xml'.
2026-02-13 17:29:47.427 +01:00 [DBG] Found key {57897445-7037-4317-85fa-0e524e40146c}.
2026-02-13 17:29:47.429 +01:00 [DBG] Found key {06805629-59c8-47ee-a980-07690b15aa1d}.
2026-02-13 17:29:47.431 +01:00 [DBG] Considering key {06805629-59c8-47ee-a980-07690b15aa1d} with expiration date 2026-05-14 16:28:36Z as default key.
2026-02-13 17:29:47.432 +01:00 [DBG] Forwarded activator type request from Microsoft.AspNetCore.DataProtection.AuthenticatedEncryption.ConfigurationModel.AuthenticatedEncryptorDescriptorDeserializer, Microsoft.AspNetCore.DataProtection, Version=9.0.0.0, Culture=neutral, PublicKeyToken=adb9793829ddae60 to Microsoft.AspNetCore.DataProtection.AuthenticatedEncryption.ConfigurationModel.AuthenticatedEncryptorDescriptorDeserializer, Microsoft.AspNetCore.DataProtection, Culture=neutral, PublicKeyToken=adb9793829ddae60
2026-02-13 17:29:47.434 +01:00 [DBG] Using managed symmetric algorithm 'System.Security.Cryptography.Aes'.
2026-02-13 17:29:47.434 +01:00 [DBG] Using managed keyed hash algorithm 'System.Security.Cryptography.HMACSHA256'.
2026-02-13 17:29:47.435 +01:00 [DBG] Using key {06805629-59c8-47ee-a980-07690b15aa1d} as the default key.
2026-02-13 17:29:47.435 +01:00 [DBG] Key ring with default key {06805629-59c8-47ee-a980-07690b15aa1d} was loaded during application startup.
2026-02-13 17:29:47.442 +01:00 [DBG] Middleware configuration started with options: {AllowedHosts = *, AllowEmptyHosts = True, IncludeFailureMessage = True}
2026-02-13 17:29:47.443 +01:00 [DBG] Wildcard detected, all requests with hosts will be allowed.
2026-02-13 17:29:47.450 +01:00 [ERR] Hosting failed to start
System.IO.IOException: Failed to bind to address http://127.0.0.1:5096: address already in use.
 ---> Microsoft.AspNetCore.Connections.AddressInUseException: Address already in use
 ---> System.Net.Sockets.SocketException (48): Address already in use
   at System.Net.Sockets.Socket.DoBind(EndPoint endPointSnapshot, SocketAddress socketAddress)
   at System.Net.Sockets.Socket.Bind(EndPoint localEP)
   at Microsoft.AspNetCore.Server.Kestrel.Transport.Sockets.SocketTransportOptions.CreateDefaultBoundListenSocket(EndPoint endpoint)
   at Microsoft.AspNetCore.Server.Kestrel.Transport.Sockets.SocketConnectionListener.Bind()
   --- End of inner exception stack trace ---
   at Microsoft.AspNetCore.Server.Kestrel.Transport.Sockets.SocketConnectionListener.Bind()
   at Microsoft.AspNetCore.Server.Kestrel.Transport.Sockets.SocketTransportFactory.BindAsync(EndPoint endpoint, CancellationToken cancellationToken)
   at Microsoft.AspNetCore.Server.Kestrel.Core.Internal.Infrastructure.TransportManager.BindAsync(EndPoint endPoint, ConnectionDelegate connectionDelegate, EndpointConfig endpointConfig, CancellationToken cancellationToken)
   at Microsoft.AspNetCore.Server.Kestrel.Core.KestrelServerImpl.<>c__DisplayClass28_0`1.<<StartAsync>g__OnBind|0>d.MoveNext()
--- End of stack trace from previous location ---
   at Microsoft.AspNetCore.Server.Kestrel.Core.Internal.AddressBinder.BindEndpointAsync(ListenOptions endpoint, AddressBindContext context, CancellationToken cancellationToken)
   --- End of inner exception stack trace ---
   at Microsoft.AspNetCore.Server.Kestrel.Core.Internal.AddressBinder.BindEndpointAsync(ListenOptions endpoint, AddressBindContext context, CancellationToken cancellationToken)
   at Microsoft.AspNetCore.Server.Kestrel.Core.LocalhostListenOptions.BindAsync(AddressBindContext context, CancellationToken cancellationToken)
   at Microsoft.AspNetCore.Server.Kestrel.Core.Internal.AddressBinder.AddressesStrategy.BindAsync(AddressBindContext context, CancellationToken cancellationToken)
   at Microsoft.AspNetCore.Server.Kestrel.Core.KestrelServerImpl.BindAsync(CancellationToken cancellationToken)
   at Microsoft.AspNetCore.Server.Kestrel.Core.KestrelServerImpl.StartAsync[TContext](IHttpApplication`1 application, CancellationToken cancellationToken)
   at Microsoft.AspNetCore.Hosting.GenericWebHostService.StartAsync(CancellationToken cancellationToken)
   at Microsoft.Extensions.Hosting.Internal.Host.<StartAsync>b__14_1(IHostedService service, CancellationToken token)
   at Microsoft.Extensions.Hosting.Internal.Host.ForeachService[T](IEnumerable`1 services, CancellationToken token, Boolean concurrent, Boolean abortOnFirstException, List`1 exceptions, Func`3 operation)
2026-02-13 17:30:11.759 +01:00 [DBG] Registered model binder providers, in the following order: ["Microsoft.AspNetCore.Mvc.ModelBinding.Binders.BinderTypeModelBinderProvider","Microsoft.AspNetCore.Mvc.ModelBinding.Binders.ServicesModelBinderProvider","Microsoft.AspNetCore.Mvc.ModelBinding.Binders.BodyModelBinderProvider","Microsoft.AspNetCore.Mvc.ModelBinding.Binders.HeaderModelBinderProvider","Microsoft.AspNetCore.Mvc.ModelBinding.Binders.FloatingPointTypeModelBinderProvider","Microsoft.AspNetCore.Mvc.ModelBinding.Binders.EnumTypeModelBinderProvider","Microsoft.AspNetCore.Mvc.ModelBinding.Binders.DateTimeModelBinderProvider","Microsoft.AspNetCore.Mvc.ModelBinding.Binders.SimpleTypeModelBinderProvider","Microsoft.AspNetCore.Mvc.ModelBinding.Binders.TryParseModelBinderProvider","Microsoft.AspNetCore.Mvc.ModelBinding.Binders.CancellationTokenModelBinderProvider","Microsoft.AspNetCore.Mvc.ModelBinding.Binders.ByteArrayModelBinderProvider","Microsoft.AspNetCore.Mvc.ModelBinding.Binders.FormFileModelBinderProvider","Microsoft.AspNetCore.Mvc.ModelBinding.Binders.FormCollectionModelBinderProvider","Microsoft.AspNetCore.Mvc.ModelBinding.Binders.KeyValuePairModelBinderProvider","Microsoft.AspNetCore.Mvc.ModelBinding.Binders.DictionaryModelBinderProvider","Microsoft.AspNetCore.Mvc.ModelBinding.Binders.ArrayModelBinderProvider","Microsoft.AspNetCore.Mvc.ModelBinding.Binders.CollectionModelBinderProvider","Microsoft.AspNetCore.Mvc.ModelBinding.Binders.ComplexObjectModelBinderProvider"]
2026-02-13 17:30:11.787 +01:00 [DBG] Hosting starting
2026-02-13 17:30:11.792 +01:00 [INF] User profile is available. Using '/Users/rickvandereijk/.aspnet/DataProtection-Keys' as key repository; keys will not be encrypted at rest.
2026-02-13 17:30:11.796 +01:00 [DBG] Reading data from file '/Users/rickvandereijk/.aspnet/DataProtection-Keys/key-57897445-7037-4317-85fa-0e524e40146c.xml'.
2026-02-13 17:30:11.797 +01:00 [DBG] Reading data from file '/Users/rickvandereijk/.aspnet/DataProtection-Keys/key-06805629-59c8-47ee-a980-07690b15aa1d.xml'.
2026-02-13 17:30:11.798 +01:00 [DBG] Found key {57897445-7037-4317-85fa-0e524e40146c}.
2026-02-13 17:30:11.799 +01:00 [DBG] Found key {06805629-59c8-47ee-a980-07690b15aa1d}.
2026-02-13 17:30:11.801 +01:00 [DBG] Considering key {06805629-59c8-47ee-a980-07690b15aa1d} with expiration date 2026-05-14 16:28:36Z as default key.
2026-02-13 17:30:11.802 +01:00 [DBG] Forwarded activator type request from Microsoft.AspNetCore.DataProtection.AuthenticatedEncryption.ConfigurationModel.AuthenticatedEncryptorDescriptorDeserializer, Microsoft.AspNetCore.DataProtection, Version=9.0.0.0, Culture=neutral, PublicKeyToken=adb9793829ddae60 to Microsoft.AspNetCore.DataProtection.AuthenticatedEncryption.ConfigurationModel.AuthenticatedEncryptorDescriptorDeserializer, Microsoft.AspNetCore.DataProtection, Culture=neutral, PublicKeyToken=adb9793829ddae60
2026-02-13 17:30:11.803 +01:00 [DBG] Using managed symmetric algorithm 'System.Security.Cryptography.Aes'.
2026-02-13 17:30:11.803 +01:00 [DBG] Using managed keyed hash algorithm 'System.Security.Cryptography.HMACSHA256'.
2026-02-13 17:30:11.804 +01:00 [DBG] Using key {06805629-59c8-47ee-a980-07690b15aa1d} as the default key.
2026-02-13 17:30:11.804 +01:00 [DBG] Key ring with default key {06805629-59c8-47ee-a980-07690b15aa1d} was loaded during application startup.
2026-02-13 17:30:11.810 +01:00 [DBG] Middleware configuration started with options: {AllowedHosts = *, AllowEmptyHosts = True, IncludeFailureMessage = True}
2026-02-13 17:30:11.810 +01:00 [DBG] Wildcard detected, all requests with hosts will be allowed.
2026-02-13 17:30:11.814 +01:00 [INF] Now listening on: http://localhost:5096
2026-02-13 17:30:11.814 +01:00 [DBG] Loaded hosting startup assembly UserManagementAPI
2026-02-13 17:30:11.814 +01:00 [INF] Application started. Press Ctrl+C to shut down.
2026-02-13 17:30:11.814 +01:00 [INF] Hosting environment: Development
2026-02-13 17:30:11.814 +01:00 [INF] Content root path: /Users/rickvandereijk/Documents/BackendDev/UserManagementAPI
2026-02-13 17:30:11.814 +01:00 [DBG] Hosting started
2026-02-13 17:30:25.747 +01:00 [DBG] Connection id "0HNJB3KOJP9DL" accepted.
2026-02-13 17:30:25.747 +01:00 [DBG] Connection id "0HNJB3KOJP9DM" accepted.
2026-02-13 17:30:25.748 +01:00 [DBG] Connection id "0HNJB3KOJP9DL" started.
2026-02-13 17:30:25.748 +01:00 [DBG] Connection id "0HNJB3KOJP9DM" started.
2026-02-13 17:30:25.766 +01:00 [INF] Request starting HTTP/1.1 GET http://localhost:5096/ - null null
2026-02-13 17:30:25.776 +01:00 [DBG] No candidates found for the request path '/'
2026-02-13 17:30:25.776 +01:00 [DBG] Request did not match any endpoints
2026-02-13 17:30:25.779 +01:00 [DBG] The request path  does not match the path filter
2026-02-13 17:30:25.780 +01:00 [WRN] Failed to determine the https port for redirect.
2026-02-13 17:30:25.787 +01:00 [INF] Incoming request: GET / from ::1
2026-02-13 17:30:25.805 +01:00 [DBG] AuthenticationScheme: Bearer was not authenticated.
2026-02-13 17:30:25.805 +01:00 [INF] Outgoing response: 404 for GET / in 24ms
2026-02-13 17:30:25.807 +01:00 [DBG] Connection id "0HNJB3KOJP9DL" completed keep alive response.
2026-02-13 17:30:25.808 +01:00 [INF] Request finished HTTP/1.1 GET http://localhost:5096/ - 404 0 null 42.9849ms
2026-02-13 17:30:25.818 +01:00 [INF] Request reached the end of the middleware pipeline without being handled by application code. Request path: GET http://localhost:5096/, Response status code: 404
2026-02-13 17:30:29.430 +01:00 [INF] Request starting HTTP/1.1 GET http://localhost:5096/swagger - null null
2026-02-13 17:30:29.430 +01:00 [DBG] No candidates found for the request path '/swagger'
2026-02-13 17:30:29.430 +01:00 [DBG] Request did not match any endpoints
2026-02-13 17:30:29.434 +01:00 [DBG] Connection id "0HNJB3KOJP9DL" completed keep alive response.
2026-02-13 17:30:29.434 +01:00 [INF] Request finished HTTP/1.1 GET http://localhost:5096/swagger - 302 0 null 4.0064ms
2026-02-13 17:30:29.435 +01:00 [INF] Request starting HTTP/1.1 GET http://localhost:5096/swagger/index.html - null null
2026-02-13 17:30:29.436 +01:00 [DBG] No candidates found for the request path '/swagger/index.html'
2026-02-13 17:30:29.436 +01:00 [DBG] Request did not match any endpoints
2026-02-13 17:30:29.484 +01:00 [DBG] Connection id "0HNJB3KOJP9DL" completed keep alive response.
2026-02-13 17:30:29.485 +01:00 [INF] Request finished HTTP/1.1 GET http://localhost:5096/swagger/index.html - 200 null text/html; charset=utf-8 49.0688ms
2026-02-13 17:30:29.574 +01:00 [INF] Request starting HTTP/1.1 GET http://localhost:5096/swagger/v1/swagger.json - null null
2026-02-13 17:30:29.575 +01:00 [DBG] No candidates found for the request path '/swagger/v1/swagger.json'
2026-02-13 17:30:29.575 +01:00 [DBG] Request did not match any endpoints
2026-02-13 17:30:29.578 +01:00 [DBG] Executing API description provider 'DefaultApiDescriptionProvider' from assembly Microsoft.AspNetCore.Mvc.ApiExplorer v9.0.0.0.
2026-02-13 17:30:29.705 +01:00 [DBG] Connection id "0HNJB3KOJP9DL" completed keep alive response.
2026-02-13 17:30:29.705 +01:00 [INF] Request finished HTTP/1.1 GET http://localhost:5096/swagger/v1/swagger.json - 200 null application/json; charset=utf-8 130.6151ms
2026-02-13 17:31:27.603 +01:00 [DBG] Connection id "0HNJB3KOJP9DM" received FIN.
2026-02-13 17:31:27.605 +01:00 [DBG] Connection id "0HNJB3KOJP9DM" sending FIN because: "The Socket transport's send loop completed gracefully."
2026-02-13 17:31:27.607 +01:00 [DBG] Connection id "0HNJB3KOJP9DM" disconnecting.
2026-02-13 17:31:27.607 +01:00 [DBG] Connection id "0HNJB3KOJP9DM" stopped.
2026-02-13 17:31:55.735 +01:00 [INF] Application is shutting down...
2026-02-13 17:31:55.737 +01:00 [DBG] Hosting stopping
2026-02-13 17:31:55.745 +01:00 [DBG] Connection id "0HNJB3KOJP9DL" disconnecting.
2026-02-13 17:31:55.745 +01:00 [DBG] Connection id "0HNJB3KOJP9DL" stopped.
2026-02-13 17:31:55.746 +01:00 [DBG] Connection id "0HNJB3KOJP9DL" sending FIN because: "The Socket transport's send loop completed gracefully."
2026-02-13 17:31:55.748 +01:00 [DBG] Hosting stopped
r","Microsoft.AspNetCore.Mvc.ModelBinding.Binders.EnumTypeModelBinderProvider","Microsoft.AspNetCore.Mvc.ModelBinding.Binders.DateTimeModelBinderProvider","Microsoft.AspNetCore.Mvc.ModelBinding.Binders.SimpleTypeModelBinderProvider","Microsoft.AspNetCore.Mvc.ModelBinding.Binders.TryParseModelBinderProvider","Microsoft.AspNetCore.Mvc.ModelBinding.Binders.CancellationTokenModelBinderProvider","Microsoft.AspNetCore.Mvc.ModelBinding.Binders.ByteArrayModelBinderProvider","Microsoft.AspNetCore.Mvc.ModelBinding.Binders.FormFileModelBinderProvider","Microsoft.AspNetCore.Mvc.ModelBinding.Binders.FormCollectionModelBinderProvider","Microsoft.AspNetCore.Mvc.ModelBinding.Binders.KeyValuePairModelBinderProvider","Microsoft.AspNetCore.Mvc.ModelBinding.Binders.DictionaryModelBinderProvider","Microsoft.AspNetCore.Mvc.ModelBinding.Binders.ArrayModelBinderProvider","Microsoft.AspNetCore.Mvc.ModelBinding.Binders.CollectionModelBinderProvider","Microsoft.AspNetCore.Mvc.ModelBinding.Binders.ComplexObjectModelBinderProvider"]
2026-02-13 17:31:45.825 +01:00 [DBG] Hosting starting
2026-02-13 17:31:45.834 +01:00 [DBG] Middleware configuration started with options: {AllowedHosts = *, AllowEmptyHosts = True, IncludeFailureMessage = True}
2026-02-13 17:31:45.834 +01:00 [DBG] Wildcard detected, all requests with hosts will be allowed.
2026-02-13 17:31:45.842 +01:00 [ERR] Hosting failed to start
System.IO.IOException: Failed to bind to address http://127.0.0.1:5096: address already in use.
 ---> Microsoft.AspNetCore.Connections.AddressInUseException: Address already in use
 ---> System.Net.Sockets.SocketException (48): Address already in use
   at System.Net.Sockets.Socket.DoBind(EndPoint endPointSnapshot, SocketAddress socketAddress)
   at System.Net.Sockets.Socket.Bind(EndPoint localEP)
   at Microsoft.AspNetCore.Server.Kestrel.Transport.Sockets.SocketTransportOptions.CreateDefaultBoundListenSocket(EndPoint endpoint)
   at Microsoft.AspNetCore.Server.Kestrel.Transport.Sockets.SocketConnectionListener.Bind()
   --- End of inner exception stack trace ---
   at Microsoft.AspNetCore.Server.Kestrel.Transport.Sockets.SocketConnectionListener.Bind()
   at Microsoft.AspNetCore.Server.Kestrel.Transport.Sockets.SocketTransportFactory.BindAsync(EndPoint endpoint, CancellationToken cancellationToken)
   at Microsoft.AspNetCore.Server.Kestrel.Core.Internal.Infrastructure.TransportManager.BindAsync(EndPoint endPoint, ConnectionDelegate connectionDelegate, EndpointConfig endpointConfig, CancellationToken cancellationToken)
   at Microsoft.AspNetCore.Server.Kestrel.Core.KestrelServerImpl.<>c__DisplayClass28_0`1.<<StartAsync>g__OnBind|0>d.MoveNext()
--- End of stack trace from previous location ---
   at Microsoft.AspNetCore.Server.Kestrel.Core.Internal.AddressBinder.BindEndpointAsync(ListenOptions endpoint, AddressBindContext context, CancellationToken cancellationToken)
   --- End of inner exception stack trace ---
   at Microsoft.AspNetCore.Server.Kestrel.Core.Internal.AddressBinder.BindEndpointAsync(ListenOptions endpoint, AddressBindContext context, CancellationToken cancellationToken)
   at Microsoft.AspNetCore.Server.Kestrel.Core.LocalhostListenOptions.BindAsync(AddressBindContext context, CancellationToken cancellationToken)
   at Microsoft.AspNetCore.Server.Kestrel.Core.Internal.AddressBinder.AddressesStrategy.BindAsync(AddressBindContext context, CancellationToken cancellationToken)
   at Microsoft.AspNetCore.Server.Kestrel.Core.KestrelServerImpl.BindAsync(CancellationToken cancellationToken)
   at Microsoft.AspNetCore.Server.Kestrel.Core.KestrelServerImpl.StartAsync[TContext](IHttpApplication`1 application, CancellationToken cancellationToken)
   at Microsoft.AspNetCore.Hosting.GenericWebHostService.StartAsync(CancellationToken cancellationToken)
   at Microsoft.Extensions.Hosting.Internal.Host.<StartAsync>b__14_1(IHostedService service, CancellationToken token)
   at Microsoft.Extensions.Hosting.Internal.Host.ForeachService[T](IEnumerable`1 services, CancellationToken token, Boolean concurrent, Boolean abortOnFirstException, List`1 exceptions, Func`3 operation)
2026-02-13 17:31:58.906 +01:00 [DBG] Registered model binder providers, in the following order: ["Microsoft.AspNetCore.Mvc.ModelBinding.Binders.BinderTypeModelBinderProvider","Microsoft.AspNetCore.Mvc.ModelBinding.Binders.ServicesModelBinderProvider","Microsoft.AspNetCore.Mvc.ModelBinding.Binders.BodyModelBinderProvider","Microsoft.AspNetCore.Mvc.ModelBinding.Binders.HeaderModelBinderProvider","Microsoft.AspNetCore.Mvc.ModelBinding.Binders.FloatingPointTypeModelBinderProvider","Microsoft.AspNetCore.Mvc.ModelBinding.Binders.EnumTypeModelBinderProvider","Microsoft.AspNetCore.Mvc.ModelBinding.Binders.DateTimeModelBinderProvider","Microsoft.AspNetCore.Mvc.ModelBinding.Binders.SimpleTypeModelBinderProvider","Microsoft.AspNetCore.Mvc.ModelBinding.Binders.TryParseModelBinderProvider","Microsoft.AspNetCore.Mvc.ModelBinding.Binders.CancellationTokenModelBinderProvider","Microsoft.AspNetCore.Mvc.ModelBinding.Binders.ByteArrayModelBinderProvider","Microsoft.AspNetCore.Mvc.ModelBinding.Binders.FormFileModelBinderProvider","Microsoft.AspNetCore.Mvc.ModelBinding.Binders.FormCollectionModelBinderProvider","Microsoft.AspNetCore.Mvc.ModelBinding.Binders.KeyValuePairModelBinderProvider","Microsoft.AspNetCore.Mvc.ModelBinding.Binders.DictionaryModelBinderProvider","Microsoft.AspNetCore.Mvc.ModelBinding.Binders.ArrayModelBinderProvider","Microsoft.AspNetCore.Mvc.ModelBinding.Binders.CollectionModelBinderProvider","Microsoft.AspNetCore.Mvc.ModelBinding.Binders.ComplexObjectModelBinderProvider"]
2026-02-13 17:31:58.952 +01:00 [DBG] Hosting starting
2026-02-13 17:31:58.963 +01:00 [DBG] Middleware configuration started with options: {AllowedHosts = *, AllowEmptyHosts = True, IncludeFailureMessage = True}
2026-02-13 17:31:58.964 +01:00 [DBG] Wildcard detected, all requests with hosts will be allowed.
2026-02-13 17:31:58.972 +01:00 [INF] Now listening on: http://localhost:5096
2026-02-13 17:31:58.973 +01:00 [DBG] Loaded hosting startup assembly UserManagementAPI
2026-02-13 17:31:58.973 +01:00 [INF] Application started. Press Ctrl+C to shut down.
2026-02-13 17:31:58.974 +01:00 [INF] Hosting environment: Development
2026-02-13 17:31:58.974 +01:00 [INF] Content root path: /Users/rickvandereijk/Documents/BackendDev/UserManagementAPI
2026-02-13 17:31:58.974 +01:00 [DBG] Hosting started
